<?xml version="1.0" encoding="UTF-8"?>
<!-- Generated by org.testng.reporters.JUnitXMLReporter -->
<testsuite ignored="0" hostname="Amit" failures="0" tests="2" name="Default test" time="3.54" errors="0" timestamp="2025-12-24T16:34:53 EST">
  <testcase classname="betterment.bonds.org.bondsMainPage.BondsMainPageTest" name="verifyBondsInvestingLink" time="3.047"/>
  <testcase classname="betterment.bonds.org.bondsMainPage.BondsMainPageTest" name="verifyBondsInvestingPage" time="0.082"/>
</testsuite> <!-- Default test -->
