<?xml version="1.0" encoding="UTF-8"?>
<!-- Generated by org.testng.reporters.JUnitXMLReporter -->
<testsuite ignored="0" hostname="Amit" failures="0" tests="2" name="Regression" time="3.387" errors="0" timestamp="2025-12-24T17:17:17 EST">
  <testcase classname="betterment.bonds.org.bondsMainPage.BondsMainPageTest" name="verifyBondsInvestingLink" time="2.93"/>
  <testcase classname="betterment.bonds.org.bondsMainPage.BondsMainPageTest" name="verifyBondsInvestingPage" time="0.056"/>
</testsuite> <!-- Regression -->
