<?xml version="1.0" encoding="UTF-8"?>
<testng-results ignored="0" total="2" passed="2" failed="0" skipped="0">
  <reporter-output>
  </reporter-output>
  <suite started-at="2025-12-24T17:17:13 EST" name="Suite" finished-at="2025-12-24T17:17:17 EST" duration-ms="3387">
    <groups>
    </groups>
    <test started-at="2025-12-24T17:17:13 EST" name="Regression" finished-at="2025-12-24T17:17:17 EST" duration-ms="3387">
      <class name="betterment.bonds.org.bondsMainPage.BondsMainPageTest">
        <test-method is-config="true" signature="initialize()[pri:0, instance:betterment.bonds.org.bondsMainPage.BondsMainPageTest@1d035be3]" started-at="2025-12-24T17:17:13 EST" name="initialize" finished-at="2025-12-24T17:17:13 EST" duration-ms="87" status="PASS">
          <reporter-output>
          </reporter-output>
        </test-method> <!-- initialize -->
        <test-method signature="verifyBondsInvestingLink()[pri:0, instance:betterment.bonds.org.bondsMainPage.BondsMainPageTest@1d035be3]" started-at="2025-12-24T17:17:13 EST" name="verifyBondsInvestingLink" finished-at="2025-12-24T17:17:16 EST" duration-ms="2930" status="PASS">
          <reporter-output>
          </reporter-output>
        </test-method> <!-- verifyBondsInvestingLink -->
        <test-method signature="verifyBondsInvestingPage()[pri:0, instance:betterment.bonds.org.bondsMainPage.BondsMainPageTest@1d035be3]" started-at="2025-12-24T17:17:16 EST" name="verifyBondsInvestingPage" finished-at="2025-12-24T17:17:16 EST" duration-ms="56" status="PASS">
          <reporter-output>
          </reporter-output>
        </test-method> <!-- verifyBondsInvestingPage -->
        <test-method is-config="true" signature="closeTest()[pri:0, instance:betterment.bonds.org.bondsMainPage.BondsMainPageTest@1d035be3]" started-at="2025-12-24T17:17:16 EST" name="closeTest" finished-at="2025-12-24T17:17:17 EST" duration-ms="221" status="PASS">
          <reporter-output>
          </reporter-output>
        </test-method> <!-- closeTest -->
      </class> <!-- betterment.bonds.org.bondsMainPage.BondsMainPageTest -->
    </test> <!-- Regression -->
  </suite> <!-- Suite -->
</testng-results>
