<?xml version="1.0" encoding="UTF-8"?>
<!-- Generated by org.testng.reporters.JUnitReportReporter -->
<testsuite hostname="Amit" failures="0" tests="2" name="betterment.bonds.org.bondsMainPage.BondsMainPageTest" time="2.986" errors="0" timestamp="2025-12-24T17:17:17 EST" skipped="0">
  <testcase classname="betterment.bonds.org.bondsMainPage.BondsMainPageTest" name="verifyBondsInvestingLink" time="2.930"/>
  <testcase classname="betterment.bonds.org.bondsMainPage.BondsMainPageTest" name="verifyBondsInvestingPage" time="0.056"/>
</testsuite> <!-- betterment.bonds.org.bondsMainPage.BondsMainPageTest -->
